2026-07-10 17:10:19,134 INFO [flask_app] 404: /static/images/Netflix Data Analysis &amp; Visualization – End-to-End Insights.png
2026-07-10 17:10:19,158 INFO [flask_app] 404: /static/images/Live Weather Web Application – Built with Django.png
2026-07-10 17:10:34,126 INFO [flask_app] 404: /static/images/Netflix Data Analysis &amp; Visualization – End-to-End Insights.png
2026-07-10 17:10:34,144 INFO [flask_app] 404: /static/images/Live Weather Web Application – Built with Django.png
2026-07-10 23:35:49,367 INFO [flask_app] 404: /static/images/Netflix Data Analysis &amp; Visualization – End-to-End Insights.png
2026-07-10 23:35:49,371 INFO [flask_app] 404: /static/images/Live Weather Web Application – Built with Django.png
2026-07-10 23:36:19,061 INFO [flask_app] 404: /.well-known/appspecific/com.chrome.devtools.json
2026-07-10 23:39:43,365 INFO [flask_app] 404: /.well-known/appspecific/com.chrome.devtools.json
2026-07-10 23:41:31,685 INFO [flask_app] 404: /static/images/Netflix Data Analysis &amp; Visualization – End-to-End Insights.png
2026-07-10 23:41:31,691 INFO [flask_app] 404: /static/images/Live Weather Web Application – Built with Django.png
2026-07-12 11:49:11,454 INFO [flask_app] 404: /static/images/Netflix Data Analysis &amp; Visualization – End-to-End Insights.png
2026-07-12 11:49:11,514 INFO [flask_app] 404: /static/images/Live Weather Web Application – Built with Django.png
2026-07-12 13:55:43,856 INFO [flask_app] 404: /static/images/Live Weather Web Application – Built with Django.png
2026-07-12 13:55:43,857 INFO [flask_app] 404: /static/images/Netflix Data Analysis &amp; Visualization – End-to-End Insights.png
2026-07-12 14:02:55,204 INFO [flask_app] 404: /static/images/Netflix Data Analysis &amp; Visualization – End-to-End Insights.png
2026-07-12 14:02:55,223 INFO [flask_app] 404: /static/images/Live Weather Web Application – Built with Django.png
2026-07-12 14:06:29,694 INFO [flask_app] 404: /static/images/Netflix Data Analysis &amp; Visualization – End-to-End Insights.png
2026-07-12 14:06:29,696 INFO [flask_app] 404: /static/images/Live Weather Web Application – Built with Django.png
2026-07-12 14:31:49,383 INFO [flask_app] 404: /static/images/Netflix Data Analysis &amp; Visualization – End-to-End Insights.png
2026-07-12 14:31:49,393 INFO [flask_app] 404: /static/images/Live Weather Web Application – Built with Django.png
2026-07-12 15:55:58,513 INFO [flask_app] 404: /static/images/Profile image.jpg
2026-07-12 15:55:58,513 INFO [flask_app] 404: /static/images/Diabetes_predection_system_using_logistic_regression.jpg
2026-07-12 15:56:02,012 INFO [flask_app] 404: /static/images/Profile image.jpg
2026-07-12 15:56:07,874 INFO [flask_app] 404: /static/images/Profile image.jpg
2026-07-12 15:56:09,642 INFO [flask_app] 404: /static/images/Profile image.jpg
2026-07-12 15:56:10,961 INFO [flask_app] 404: /static/images/Profile image.jpg
2026-07-12 15:56:11,962 INFO [flask_app] 404: /static/images/Profile image.jpg
2026-07-12 15:56:12,356 INFO [flask_app] 404: /static/images/Profile image.jpg
2026-07-12 15:56:48,097 INFO [flask_app] 404: /.well-known/appspecific/com.chrome.devtools.json
2026-07-12 16:00:10,842 INFO [flask_app] 404: /static/images/Diabetes_predection_system_using_logistic_regression.jpg
2026-07-12 16:01:08,449 INFO [flask_app] 404: /static/images/Diabetes_predection_system_using_logistic_regression.jpg
2026-07-12 16:02:47,214 INFO [flask_app] 404: /.well-known/appspecific/com.chrome.devtools.json
2026-07-12 16:03:47,771 INFO [flask_app] 404: /.well-known/appspecific/com.chrome.devtools.json
2026-07-12 16:04:40,761 INFO [flask_app] 404: /.well-known/appspecific/com.chrome.devtools.json
2026-07-12 16:06:10,827 INFO [flask_app] 404: /static/images/Diabetes_predection_system_using_logistic_regression.jpg
2026-07-12 16:11:18,973 INFO [flask_app] 404: /static/images/Diabetes_predection_system_using_logistic_regression.jpg
2026-07-12 16:11:31,928 INFO [flask_app] 404: /static/images/The Developers arena logo.png
2026-07-12 16:11:31,928 INFO [flask_app] 404: /static/images/terotam.png
2026-07-12 16:11:31,929 INFO [flask_app] 404: /static/images/ibm logo.jpg
2026-07-12 16:11:31,934 INFO [flask_app] 404: /static/images/imbuesoft llp internship logo.jpg
2026-07-12 16:11:32,033 INFO [flask_app] 404: /static/images/bharat intern internship.png
2026-07-12 16:11:42,372 INFO [flask_app] 404: /static/images/terotam.png
2026-07-12 16:11:42,378 INFO [flask_app] 404: /static/images/The Developers arena logo.png
2026-07-12 16:11:42,381 INFO [flask_app] 404: /static/images/ibm logo.jpg
2026-07-12 16:11:42,398 INFO [flask_app] 404: /static/images/imbuesoft llp internship logo.jpg
2026-07-12 16:11:42,686 INFO [flask_app] 404: /static/images/bharat intern internship.png
2026-07-12 16:11:43,724 INFO [flask_app] 404: /static/images/terotam.png
2026-07-12 16:11:43,725 INFO [flask_app] 404: /static/images/The Developers arena logo.png
2026-07-12 16:11:43,726 INFO [flask_app] 404: /static/images/ibm logo.jpg
2026-07-12 16:11:43,731 INFO [flask_app] 404: /static/images/imbuesoft llp internship logo.jpg
2026-07-12 16:11:44,040 INFO [flask_app] 404: /static/images/bharat intern internship.png
2026-07-12 16:11:46,582 INFO [flask_app] 404: /static/images/feture_engineering.png
2026-07-12 16:11:46,591 INFO [flask_app] 404: /static/images/buisness_before_ml.png
2026-07-12 16:11:46,612 INFO [flask_app] 404: /static/images/mllifecycle.png
2026-07-12 16:11:46,624 INFO [flask_app] 404: /static/images/Windows_function.jpg
2026-07-12 16:11:46,646 INFO [flask_app] 404: /static/images/hypothesis testing.jpg
2026-07-12 16:11:46,769 INFO [flask_app] 404: /static/images/imbalance datasets.jpg
2026-07-12 16:11:46,928 INFO [flask_app] 404: /static/images/precision vs recall.jpg
2026-07-12 16:11:46,963 INFO [flask_app] 404: /static/images/cheet_sheet_pandas_numpy_matplotlib.png
2026-07-12 16:11:46,966 INFO [flask_app] 404: /static/images/patterns_of_python.png
2026-07-12 16:12:01,577 INFO [flask_app] 404: /static/images/feture_engineering.png
2026-07-12 16:12:01,598 INFO [flask_app] 404: /static/images/buisness_before_ml.png
2026-07-12 16:12:01,887 INFO [flask_app] 404: /static/images/feture_engineering.png
2026-07-12 16:12:01,900 INFO [flask_app] 404: /static/images/buisness_before_ml.png
2026-07-12 16:12:01,901 INFO [flask_app] 404: /static/images/mllifecycle.png
2026-07-12 16:12:01,916 INFO [flask_app] 404: /static/images/Windows_function.jpg
2026-07-12 16:12:02,204 INFO [flask_app] 404: /static/images/hypothesis testing.jpg
2026-07-12 16:12:02,208 INFO [flask_app] 404: /static/images/imbalance datasets.jpg
2026-07-12 16:12:02,217 INFO [flask_app] 404: /static/images/precision vs recall.jpg
2026-07-12 16:12:02,222 INFO [flask_app] 404: /static/images/cheet_sheet_pandas_numpy_matplotlib.png
2026-07-12 16:12:02,245 INFO [flask_app] 404: /static/images/patterns_of_python.png
2026-07-12 16:12:03,303 INFO [flask_app] 404: /static/images/feture_engineering.png
2026-07-12 16:12:03,625 INFO [flask_app] 404: /static/images/feture_engineering.png
2026-07-12 16:12:03,627 INFO [flask_app] 404: /static/images/buisness_before_ml.png
2026-07-12 16:12:03,653 INFO [flask_app] 404: /static/images/mllifecycle.png
2026-07-12 16:12:03,745 INFO [flask_app] 404: /static/images/Windows_function.jpg
2026-07-12 16:12:03,764 INFO [flask_app] 404: /static/images/hypothesis testing.jpg
2026-07-12 16:12:03,947 INFO [flask_app] 404: /static/images/imbalance datasets.jpg
2026-07-12 16:12:03,949 INFO [flask_app] 404: /static/images/precision vs recall.jpg
2026-07-12 16:12:03,966 INFO [flask_app] 404: /static/images/cheet_sheet_pandas_numpy_matplotlib.png
2026-07-12 16:12:03,984 INFO [flask_app] 404: /static/images/patterns_of_python.png
2026-07-12 16:55:17,250 INFO [flask_app] 404: /favicon.ico
2026-07-12 16:56:48,115 INFO [flask_app] 404: /static/images/Diabetes_predection_system_using_logistic_regression.jpg
2026-07-12 16:57:00,045 INFO [flask_app] 404: /static/images/terotam.png
2026-07-12 16:57:00,048 INFO [flask_app] 404: /static/images/The Developers arena logo.png
2026-07-12 16:57:00,055 INFO [flask_app] 404: /static/images/ibm logo.jpg
2026-07-12 16:57:00,071 INFO [flask_app] 404: /static/images/imbuesoft llp internship logo.jpg
2026-07-12 16:57:00,373 INFO [flask_app] 404: /static/images/bharat intern internship.png
2026-07-12 16:57:31,755 INFO [flask_app] 404: /static/images/patterns_of_python.png
2026-07-12 16:57:31,757 INFO [flask_app] 404: /static/images/mllifecycle.png
2026-07-12 16:57:31,761 INFO [flask_app] 404: /static/images/imbalance datasets.jpg
2026-07-12 16:59:00,429 INFO [flask_app] 404: /static/images/mllifecycle.png
2026-07-12 16:59:05,162 INFO [flask_app] 404: /static/images/mllifecycle.png
2026-07-12 16:59:12,604 INFO [flask_app] 404: /static/images/imbalance datasets.jpg
2026-07-12 16:59:15,064 INFO [flask_app] 404: /static/images/patterns_of_python.png
2026-07-12 16:59:19,926 INFO [flask_app] 404: /static/images/mllifecycle.png
2026-07-12 16:59:19,930 INFO [flask_app] 404: /static/images/patterns_of_python.png
2026-07-12 16:59:19,935 INFO [flask_app] 404: /static/images/imbalance datasets.jpg
2026-07-12 16:59:52,268 INFO [flask_app] 404: /static/images/mllifecycle.png
2026-07-12 17:04:54,566 INFO [flask_app] 404: /static/images/Diabetes_predection_system_using_logistic_regression.jpg
2026-07-12 22:43:59,190 INFO [flask_app] 404: /favicon.ico
